(node:1480) [DEP0190] DeprecationWarning: Passing args to a child process with shell option true can lead to security vulnerabilities, as the arguments are not escaped, only concatenated.
(Use `node --trace-deprecation ...` to show where the warning was created)
[31m[Nest] 29340  - [39m05/19/2026, 3:57:19 PM [31m  ERROR[39m [38;5;3m[ExceptionHandler] [39m[31m`PrismaClient` needs to be constructed with a non-empty, valid `PrismaClientOptions`:

```
new PrismaClient({
  ...
})
```

or

```
constructor() {
  super({ ... });
}
```
          [39m
PrismaClientInitializationError: `PrismaClient` needs to be constructed with a non-empty, valid `PrismaClientOptions`:

```
new PrismaClient({
  ...
})
```

or

```
constructor() {
  super({ ... });
}
```
          
    at new t (C:\Users\tai\Desktop\BT1\node_modules\@prisma\client\src\runtime\getPrismaClient.ts:336:15)
    at new PrismaService (C:\Users\tai\Desktop\BT1\backend\src\prisma\prisma.service.ts:5:8)
    at Injector.instantiateClass (C:\Users\tai\Desktop\BT1\node_modules\@nestjs\core\injector\injector.js:373:19)
    at callback (C:\Users\tai\Desktop\BT1\node_modules\@nestjs\core\injector\injector.js:65:45)
    at async Injector.resolveConstructorParams (C:\Users\tai\Desktop\BT1\node_modules\@nestjs\core\injector\injector.js:145:24)
    at async Injector.loadInstance (C:\Users\tai\Desktop\BT1\node_modules\@nestjs\core\injector\injector.js:70:13)
    at async Injector.loadProvider (C:\Users\tai\Desktop\BT1\node_modules\@nestjs\core\injector\injector.js:98:9)
    at async C:\Users\tai\Desktop\BT1\node_modules\@nestjs\core\injector\instance-loader.js:56:13
    at async Promise.all (index 3)
    at async InstanceLoader.createInstancesOfProviders (C:\Users\tai\Desktop\BT1\node_modules\@nestjs\core\injector\instance-loader.js:55:9)
[31m[Nest] 21168  - [39m05/19/2026, 3:57:26 PM [31m  ERROR[39m [38;5;3m[ExceptionHandler] [39m[31m`PrismaClient` needs to be constructed with a non-empty, valid `PrismaClientOptions`:

```
new PrismaClient({
  ...
})
```

or

```
constructor() {
  super({ ... });
}
```
          [39m
PrismaClientInitializationError: `PrismaClient` needs to be constructed with a non-empty, valid `PrismaClientOptions`:

```
new PrismaClient({
  ...
})
```

or

```
constructor() {
  super({ ... });
}
```
          
    at new t (C:\Users\tai\Desktop\BT1\node_modules\@prisma\client\src\runtime\getPrismaClient.ts:336:15)
    at new PrismaService (C:\Users\tai\Desktop\BT1\backend\src\prisma\prisma.service.ts:5:8)
    at Injector.instantiateClass (C:\Users\tai\Desktop\BT1\node_modules\@nestjs\core\injector\injector.js:373:19)
    at callback (C:\Users\tai\Desktop\BT1\node_modules\@nestjs\core\injector\injector.js:65:45)
    at async Injector.resolveConstructorParams (C:\Users\tai\Desktop\BT1\node_modules\@nestjs\core\injector\injector.js:145:24)
    at async Injector.loadInstance (C:\Users\tai\Desktop\BT1\node_modules\@nestjs\core\injector\injector.js:70:13)
    at async Injector.loadProvider (C:\Users\tai\Desktop\BT1\node_modules\@nestjs\core\injector\injector.js:98:9)
    at async C:\Users\tai\Desktop\BT1\node_modules\@nestjs\core\injector\instance-loader.js:56:13
    at async Promise.all (index 3)
    at async InstanceLoader.createInstancesOfProviders (C:\Users\tai\Desktop\BT1\node_modules\@nestjs\core\injector\instance-loader.js:55:9)
[31m[Nest] 26728  - [39m05/19/2026, 3:57:32 PM [31m  ERROR[39m [38;5;3m[ExceptionHandler] [39m[31m`PrismaClient` needs to be constructed with a non-empty, valid `PrismaClientOptions`:

```
new PrismaClient({
  ...
})
```

or

```
constructor() {
  super({ ... });
}
```
          [39m
PrismaClientInitializationError: `PrismaClient` needs to be constructed with a non-empty, valid `PrismaClientOptions`:

```
new PrismaClient({
  ...
})
```

or

```
constructor() {
  super({ ... });
}
```
          
    at new t (C:\Users\tai\Desktop\BT1\node_modules\@prisma\client\src\runtime\getPrismaClient.ts:336:15)
    at new PrismaService (C:\Users\tai\Desktop\BT1\backend\src\prisma\prisma.service.ts:5:8)
    at Injector.instantiateClass (C:\Users\tai\Desktop\BT1\node_modules\@nestjs\core\injector\injector.js:373:19)
    at callback (C:\Users\tai\Desktop\BT1\node_modules\@nestjs\core\injector\injector.js:65:45)
    at async Injector.resolveConstructorParams (C:\Users\tai\Desktop\BT1\node_modules\@nestjs\core\injector\injector.js:145:24)
    at async Injector.loadInstance (C:\Users\tai\Desktop\BT1\node_modules\@nestjs\core\injector\injector.js:70:13)
    at async Injector.loadProvider (C:\Users\tai\Desktop\BT1\node_modules\@nestjs\core\injector\injector.js:98:9)
    at async C:\Users\tai\Desktop\BT1\node_modules\@nestjs\core\injector\instance-loader.js:56:13
    at async Promise.all (index 3)
    at async InstanceLoader.createInstancesOfProviders (C:\Users\tai\Desktop\BT1\node_modules\@nestjs\core\injector\instance-loader.js:55:9)
[31m[Nest] 12616  - [39m05/19/2026, 3:57:59 PM [31m  ERROR[39m [38;5;3m[ExceptionHandler] [39m[31m`PrismaClient` needs to be constructed with a non-empty, valid `PrismaClientOptions`:

```
new PrismaClient({
  ...
})
```

or

```
constructor() {
  super({ ... });
}
```
          [39m
PrismaClientInitializationError: `PrismaClient` needs to be constructed with a non-empty, valid `PrismaClientOptions`:

```
new PrismaClient({
  ...
})
```

or

```
constructor() {
  super({ ... });
}
```
          
    at new t (C:\Users\tai\Desktop\BT1\node_modules\@prisma\client\src\runtime\getPrismaClient.ts:336:15)
    at new PrismaService (C:\Users\tai\Desktop\BT1\backend\src\prisma\prisma.service.ts:5:8)
    at Injector.instantiateClass (C:\Users\tai\Desktop\BT1\node_modules\@nestjs\core\injector\injector.js:373:19)
    at callback (C:\Users\tai\Desktop\BT1\node_modules\@nestjs\core\injector\injector.js:65:45)
    at async Injector.resolveConstructorParams (C:\Users\tai\Desktop\BT1\node_modules\@nestjs\core\injector\injector.js:145:24)
    at async Injector.loadInstance (C:\Users\tai\Desktop\BT1\node_modules\@nestjs\core\injector\injector.js:70:13)
    at async Injector.loadProvider (C:\Users\tai\Desktop\BT1\node_modules\@nestjs\core\injector\injector.js:98:9)
    at async C:\Users\tai\Desktop\BT1\node_modules\@nestjs\core\injector\instance-loader.js:56:13
    at async Promise.all (index 3)
    at async InstanceLoader.createInstancesOfProviders (C:\Users\tai\Desktop\BT1\node_modules\@nestjs\core\injector\instance-loader.js:55:9)
[31m[Nest] 15824  - [39m05/19/2026, 3:59:55 PM [31m  ERROR[39m [38;5;3m[ExceptionHandler] [39m[31m`PrismaClient` needs to be constructed with a non-empty, valid `PrismaClientOptions`:

```
new PrismaClient({
  ...
})
```

or

```
constructor() {
  super({ ... });
}
```
          [39m
PrismaClientInitializationError: `PrismaClient` needs to be constructed with a non-empty, valid `PrismaClientOptions`:

```
new PrismaClient({
  ...
})
```

or

```
constructor() {
  super({ ... });
}
```
          
    at new t (C:\Users\tai\Desktop\BT1\node_modules\@prisma\client\src\runtime\getPrismaClient.ts:336:15)
    at new PrismaService (C:\Users\tai\Desktop\BT1\backend\src\prisma\prisma.service.ts:5:8)
    at Injector.instantiateClass (C:\Users\tai\Desktop\BT1\node_modules\@nestjs\core\injector\injector.js:373:19)
    at callback (C:\Users\tai\Desktop\BT1\node_modules\@nestjs\core\injector\injector.js:65:45)
    at async Injector.resolveConstructorParams (C:\Users\tai\Desktop\BT1\node_modules\@nestjs\core\injector\injector.js:145:24)
    at async Injector.loadInstance (C:\Users\tai\Desktop\BT1\node_modules\@nestjs\core\injector\injector.js:70:13)
    at async Injector.loadProvider (C:\Users\tai\Desktop\BT1\node_modules\@nestjs\core\injector\injector.js:98:9)
    at async C:\Users\tai\Desktop\BT1\node_modules\@nestjs\core\injector\instance-loader.js:56:13
    at async Promise.all (index 3)
    at async InstanceLoader.createInstancesOfProviders (C:\Users\tai\Desktop\BT1\node_modules\@nestjs\core\injector\instance-loader.js:55:9)
[31m[Nest] 23284  - [39m05/19/2026, 4:00:13 PM [31m  ERROR[39m [38;5;3m[ExceptionHandler] [39m[31m`PrismaClient` needs to be constructed with a non-empty, valid `PrismaClientOptions`:

```
new PrismaClient({
  ...
})
```

or

```
constructor() {
  super({ ... });
}
```
          [39m
PrismaClientInitializationError: `PrismaClient` needs to be constructed with a non-empty, valid `PrismaClientOptions`:

```
new PrismaClient({
  ...
})
```

or

```
constructor() {
  super({ ... });
}
```
          
    at new t (C:\Users\tai\Desktop\BT1\node_modules\@prisma\client\src\runtime\getPrismaClient.ts:336:15)
    at new PrismaService (C:\Users\tai\Desktop\BT1\backend\src\prisma\prisma.service.ts:5:8)
    at Injector.instantiateClass (C:\Users\tai\Desktop\BT1\node_modules\@nestjs\core\injector\injector.js:373:19)
    at callback (C:\Users\tai\Desktop\BT1\node_modules\@nestjs\core\injector\injector.js:65:45)
    at async Injector.resolveConstructorParams (C:\Users\tai\Desktop\BT1\node_modules\@nestjs\core\injector\injector.js:145:24)
    at async Injector.loadInstance (C:\Users\tai\Desktop\BT1\node_modules\@nestjs\core\injector\injector.js:70:13)
    at async Injector.loadProvider (C:\Users\tai\Desktop\BT1\node_modules\@nestjs\core\injector\injector.js:98:9)
    at async C:\Users\tai\Desktop\BT1\node_modules\@nestjs\core\injector\instance-loader.js:56:13
    at async Promise.all (index 3)
    at async InstanceLoader.createInstancesOfProviders (C:\Users\tai\Desktop\BT1\node_modules\@nestjs\core\injector\instance-loader.js:55:9)
[31m[Nest] 4708  - [39m05/19/2026, 4:00:39 PM [31m  ERROR[39m [38;5;3m[ExceptionHandler] [39m[31m`PrismaClient` needs to be constructed with a non-empty, valid `PrismaClientOptions`:

```
new PrismaClient({
  ...
})
```

or

```
constructor() {
  super({ ... });
}
```
          [39m
PrismaClientInitializationError: `PrismaClient` needs to be constructed with a non-empty, valid `PrismaClientOptions`:

```
new PrismaClient({
  ...
})
```

or

```
constructor() {
  super({ ... });
}
```
          
    at new t (C:\Users\tai\Desktop\BT1\node_modules\@prisma\client\src\runtime\getPrismaClient.ts:336:15)
    at new PrismaService (C:\Users\tai\Desktop\BT1\backend\src\prisma\prisma.service.ts:5:8)
    at Injector.instantiateClass (C:\Users\tai\Desktop\BT1\node_modules\@nestjs\core\injector\injector.js:373:19)
    at callback (C:\Users\tai\Desktop\BT1\node_modules\@nestjs\core\injector\injector.js:65:45)
    at async Injector.resolveConstructorParams (C:\Users\tai\Desktop\BT1\node_modules\@nestjs\core\injector\injector.js:145:24)
    at async Injector.loadInstance (C:\Users\tai\Desktop\BT1\node_modules\@nestjs\core\injector\injector.js:70:13)
    at async Injector.loadProvider (C:\Users\tai\Desktop\BT1\node_modules\@nestjs\core\injector\injector.js:98:9)
    at async C:\Users\tai\Desktop\BT1\node_modules\@nestjs\core\injector\instance-loader.js:56:13
    at async Promise.all (index 3)
    at async InstanceLoader.createInstancesOfProviders (C:\Users\tai\Desktop\BT1\node_modules\@nestjs\core\injector\instance-loader.js:55:9)
[31m[Nest] 12052  - [39m05/19/2026, 4:01:43 PM [31m  ERROR[39m [38;5;3m[ExceptionHandler] [39m[31m`PrismaClient` needs to be constructed with a non-empty, valid `PrismaClientOptions`:

```
new PrismaClient({
  ...
})
```

or

```
constructor() {
  super({ ... });
}
```
          [39m
PrismaClientInitializationError: `PrismaClient` needs to be constructed with a non-empty, valid `PrismaClientOptions`:

```
new PrismaClient({
  ...
})
```

or

```
constructor() {
  super({ ... });
}
```
          
    at new t (C:\Users\tai\Desktop\BT1\node_modules\@prisma\client\src\runtime\getPrismaClient.ts:336:15)
    at new PrismaService (C:\Users\tai\Desktop\BT1\backend\src\prisma\prisma.service.ts:5:8)
    at Injector.instantiateClass (C:\Users\tai\Desktop\BT1\node_modules\@nestjs\core\injector\injector.js:373:19)
    at callback (C:\Users\tai\Desktop\BT1\node_modules\@nestjs\core\injector\injector.js:65:45)
    at async Injector.resolveConstructorParams (C:\Users\tai\Desktop\BT1\node_modules\@nestjs\core\injector\injector.js:145:24)
    at async Injector.loadInstance (C:\Users\tai\Desktop\BT1\node_modules\@nestjs\core\injector\injector.js:70:13)
    at async Injector.loadProvider (C:\Users\tai\Desktop\BT1\node_modules\@nestjs\core\injector\injector.js:98:9)
    at async C:\Users\tai\Desktop\BT1\node_modules\@nestjs\core\injector\instance-loader.js:56:13
    at async Promise.all (index 3)
    at async InstanceLoader.createInstancesOfProviders (C:\Users\tai\Desktop\BT1\node_modules\@nestjs\core\injector\instance-loader.js:55:9)
[31m[Nest] 27972  - [39m05/19/2026, 4:01:50 PM [31m  ERROR[39m [38;5;3m[ExceptionHandler] [39m[31m`PrismaClient` needs to be constructed with a non-empty, valid `PrismaClientOptions`:

```
new PrismaClient({
  ...
})
```

or

```
constructor() {
  super({ ... });
}
```
          [39m
PrismaClientInitializationError: `PrismaClient` needs to be constructed with a non-empty, valid `PrismaClientOptions`:

```
new PrismaClient({
  ...
})
```

or

```
constructor() {
  super({ ... });
}
```
          
    at new t (C:\Users\tai\Desktop\BT1\node_modules\@prisma\client\src\runtime\getPrismaClient.ts:336:15)
    at new PrismaService (C:\Users\tai\Desktop\BT1\backend\src\prisma\prisma.service.ts:5:8)
    at Injector.instantiateClass (C:\Users\tai\Desktop\BT1\node_modules\@nestjs\core\injector\injector.js:373:19)
    at callback (C:\Users\tai\Desktop\BT1\node_modules\@nestjs\core\injector\injector.js:65:45)
    at async Injector.resolveConstructorParams (C:\Users\tai\Desktop\BT1\node_modules\@nestjs\core\injector\injector.js:145:24)
    at async Injector.loadInstance (C:\Users\tai\Desktop\BT1\node_modules\@nestjs\core\injector\injector.js:70:13)
    at async Injector.loadProvider (C:\Users\tai\Desktop\BT1\node_modules\@nestjs\core\injector\injector.js:98:9)
    at async C:\Users\tai\Desktop\BT1\node_modules\@nestjs\core\injector\instance-loader.js:56:13
    at async Promise.all (index 3)
    at async InstanceLoader.createInstancesOfProviders (C:\Users\tai\Desktop\BT1\node_modules\@nestjs\core\injector\instance-loader.js:55:9)
[31m[Nest] 15512  - [39m05/19/2026, 4:03:25 PM [31m  ERROR[39m [38;5;3m[ExceptionHandler] [39m[31mUnknown property datasources provided to PrismaClient constructor.
Read more at https://pris.ly/d/client-constructor[39m
PrismaClientConstructorValidationError: Unknown property datasources provided to PrismaClient constructor.
Read more at https://pris.ly/d/client-constructor
    at validatePrismaClientOptions (C:\Users\tai\Desktop\BT1\node_modules\@prisma\client\src\runtime\utils\validatePrismaClientOptions.ts:260:13)
    at new t (C:\Users\tai\Desktop\BT1\node_modules\@prisma\client\src\runtime\getPrismaClient.ts:358:7)
    at new PrismaService (C:\Users\tai\Desktop\BT1\backend\src\prisma\prisma.service.ts:17:19)
    at Injector.instantiateClass (C:\Users\tai\Desktop\BT1\node_modules\@nestjs\core\injector\injector.js:373:19)
    at callback (C:\Users\tai\Desktop\BT1\node_modules\@nestjs\core\injector\injector.js:65:45)
    at async Injector.resolveConstructorParams (C:\Users\tai\Desktop\BT1\node_modules\@nestjs\core\injector\injector.js:145:24)
    at async Injector.loadInstance (C:\Users\tai\Desktop\BT1\node_modules\@nestjs\core\injector\injector.js:70:13)
    at async Injector.loadProvider (C:\Users\tai\Desktop\BT1\node_modules\@nestjs\core\injector\injector.js:98:9)
    at async C:\Users\tai\Desktop\BT1\node_modules\@nestjs\core\injector\instance-loader.js:56:13
    at async Promise.all (index 3)
[31m[Nest] 27692  - [39m05/19/2026, 4:03:40 PM [31m  ERROR[39m [38;5;3m[ExceptionHandler] [39m[31m`PrismaClient` needs to be constructed with a non-empty, valid `PrismaClientOptions`:

```
new PrismaClient({
  ...
})
```

or

```
constructor() {
  super({ ... });
}
```
          [39m
PrismaClientInitializationError: `PrismaClient` needs to be constructed with a non-empty, valid `PrismaClientOptions`:

```
new PrismaClient({
  ...
})
```

or

```
constructor() {
  super({ ... });
}
```
          
    at new t (C:\Users\tai\Desktop\BT1\node_modules\@prisma\client\src\runtime\getPrismaClient.ts:336:15)
    at new PrismaService (C:\Users\tai\Desktop\BT1\backend\src\prisma\prisma.service.ts:17:19)
    at Injector.instantiateClass (C:\Users\tai\Desktop\BT1\node_modules\@nestjs\core\injector\injector.js:373:19)
    at callback (C:\Users\tai\Desktop\BT1\node_modules\@nestjs\core\injector\injector.js:65:45)
    at async Injector.resolveConstructorParams (C:\Users\tai\Desktop\BT1\node_modules\@nestjs\core\injector\injector.js:145:24)
    at async Injector.loadInstance (C:\Users\tai\Desktop\BT1\node_modules\@nestjs\core\injector\injector.js:70:13)
    at async Injector.loadProvider (C:\Users\tai\Desktop\BT1\node_modules\@nestjs\core\injector\injector.js:98:9)
    at async C:\Users\tai\Desktop\BT1\node_modules\@nestjs\core\injector\instance-loader.js:56:13
    at async Promise.all (index 3)
    at async InstanceLoader.createInstancesOfProviders (C:\Users\tai\Desktop\BT1\node_modules\@nestjs\core\injector\instance-loader.js:55:9)
[31m[Nest] 23960  - [39m05/19/2026, 4:04:45 PM [31m  ERROR[39m [38;5;3m[ExceptionHandler] [39m[31m`PrismaClient` needs to be constructed with a non-empty, valid `PrismaClientOptions`:

```
new PrismaClient({
  ...
})
```

or

```
constructor() {
  super({ ... });
}
```
          [39m
PrismaClientInitializationError: `PrismaClient` needs to be constructed with a non-empty, valid `PrismaClientOptions`:

```
new PrismaClient({
  ...
})
```

or

```
constructor() {
  super({ ... });
}
```
          
    at new t (C:\Users\tai\Desktop\BT1\node_modules\@prisma\client\src\runtime\getPrismaClient.ts:336:15)
    at new PrismaService (C:\Users\tai\Desktop\BT1\backend\src\prisma\prisma.service.ts:17:19)
    at Injector.instantiateClass (C:\Users\tai\Desktop\BT1\node_modules\@nestjs\core\injector\injector.js:373:19)
    at callback (C:\Users\tai\Desktop\BT1\node_modules\@nestjs\core\injector\injector.js:65:45)
    at async Injector.resolveConstructorParams (C:\Users\tai\Desktop\BT1\node_modules\@nestjs\core\injector\injector.js:145:24)
    at async Injector.loadInstance (C:\Users\tai\Desktop\BT1\node_modules\@nestjs\core\injector\injector.js:70:13)
    at async Injector.loadProvider (C:\Users\tai\Desktop\BT1\node_modules\@nestjs\core\injector\injector.js:98:9)
    at async C:\Users\tai\Desktop\BT1\node_modules\@nestjs\core\injector\instance-loader.js:56:13
    at async Promise.all (index 3)
    at async InstanceLoader.createInstancesOfProviders (C:\Users\tai\Desktop\BT1\node_modules\@nestjs\core\injector\instance-loader.js:55:9)
[31m[Nest] 5244  - [39m05/19/2026, 4:04:48 PM [31m  ERROR[39m [38;5;3m[ExceptionHandler] [39m[31m`PrismaClient` needs to be constructed with a non-empty, valid `PrismaClientOptions`:

```
new PrismaClient({
  ...
})
```

or

```
constructor() {
  super({ ... });
}
```
          [39m
PrismaClientInitializationError: `PrismaClient` needs to be constructed with a non-empty, valid `PrismaClientOptions`:

```
new PrismaClient({
  ...
})
```

or

```
constructor() {
  super({ ... });
}
```
          
    at new t (C:\Users\tai\Desktop\BT1\node_modules\@prisma\client\src\runtime\getPrismaClient.ts:336:15)
    at new PrismaService (C:\Users\tai\Desktop\BT1\backend\src\prisma\prisma.service.ts:17:19)
    at Injector.instantiateClass (C:\Users\tai\Desktop\BT1\node_modules\@nestjs\core\injector\injector.js:373:19)
    at callback (C:\Users\tai\Desktop\BT1\node_modules\@nestjs\core\injector\injector.js:65:45)
    at async Injector.resolveConstructorParams (C:\Users\tai\Desktop\BT1\node_modules\@nestjs\core\injector\injector.js:145:24)
    at async Injector.loadInstance (C:\Users\tai\Desktop\BT1\node_modules\@nestjs\core\injector\injector.js:70:13)
    at async Injector.loadProvider (C:\Users\tai\Desktop\BT1\node_modules\@nestjs\core\injector\injector.js:98:9)
    at async C:\Users\tai\Desktop\BT1\node_modules\@nestjs\core\injector\instance-loader.js:56:13
    at async Promise.all (index 3)
    at async InstanceLoader.createInstancesOfProviders (C:\Users\tai\Desktop\BT1\node_modules\@nestjs\core\injector\instance-loader.js:55:9)
[31m[Nest] 10320  - [39m05/19/2026, 4:05:18 PM [31m  ERROR[39m [38;5;3m[NestApplication] [39m[31mError: listen EADDRINUSE: address already in use :::3001[39m[38;5;3m +10ms[39m
node:net:1940
    const ex = new UVExceptionWithHostPort(err, 'listen', address, port);
               ^

Error: listen EADDRINUSE: address already in use :::3001
    at Server.setupListenHandle [as _listen2] (node:net:1940:16)
    at listenInCluster (node:net:1997:12)
    at Server.listen (node:net:2102:7)
    at ExpressAdapter.listen (C:\Users\tai\Desktop\BT1\node_modules\@nestjs\platform-express\adapters\express-adapter.js:95:32)
    at C:\Users\tai\Desktop\BT1\node_modules\@nestjs\core\nest-application.js:183:30
    at new Promise (<anonymous>)
    at NestApplication.listen (C:\Users\tai\Desktop\BT1\node_modules\@nestjs\core\nest-application.js:173:16)
    at process.processTicksAndRejections (node:internal/process/task_queues:103:5)
    at async bootstrap (C:\Users\tai\Desktop\BT1\backend\src\main.ts:26:3) {
  code: 'EADDRINUSE',
  errno: -4091,
  syscall: 'listen',
  address: '::',
  port: 3001
}

Node.js v24.11.1
[31m[Nest] 24488  - [39m05/19/2026, 4:27:21 PM [31m  ERROR[39m [38;5;3m[NestApplication] [39m[31mError: listen EADDRINUSE: address already in use :::3001[39m[38;5;3m +4ms[39m
node:net:1940
    const ex = new UVExceptionWithHostPort(err, 'listen', address, port);
               ^

Error: listen EADDRINUSE: address already in use :::3001
    at Server.setupListenHandle [as _listen2] (node:net:1940:16)
    at listenInCluster (node:net:1997:12)
    at Server.listen (node:net:2102:7)
    at ExpressAdapter.listen (C:\Users\tai\Desktop\BT1\node_modules\@nestjs\platform-express\adapters\express-adapter.js:95:32)
    at C:\Users\tai\Desktop\BT1\node_modules\@nestjs\core\nest-application.js:183:30
    at new Promise (<anonymous>)
    at NestApplication.listen (C:\Users\tai\Desktop\BT1\node_modules\@nestjs\core\nest-application.js:173:16)
    at process.processTicksAndRejections (node:internal/process/task_queues:103:5)
    at async bootstrap (C:\Users\tai\Desktop\BT1\backend\src\main.ts:26:3) {
  code: 'EADDRINUSE',
  errno: -4091,
  syscall: 'listen',
  address: '::',
  port: 3001
}

Node.js v24.11.1
[31m[Nest] 26332  - [39m05/19/2026, 4:27:23 PM [31m  ERROR[39m [38;5;3m[NestApplication] [39m[31mError: listen EADDRINUSE: address already in use :::3001[39m[38;5;3m +4ms[39m
node:net:1940
    const ex = new UVExceptionWithHostPort(err, 'listen', address, port);
               ^

Error: listen EADDRINUSE: address already in use :::3001
    at Server.setupListenHandle [as _listen2] (node:net:1940:16)
    at listenInCluster (node:net:1997:12)
    at Server.listen (node:net:2102:7)
    at ExpressAdapter.listen (C:\Users\tai\Desktop\BT1\node_modules\@nestjs\platform-express\adapters\express-adapter.js:95:32)
    at C:\Users\tai\Desktop\BT1\node_modules\@nestjs\core\nest-application.js:183:30
    at new Promise (<anonymous>)
    at NestApplication.listen (C:\Users\tai\Desktop\BT1\node_modules\@nestjs\core\nest-application.js:173:16)
    at process.processTicksAndRejections (node:internal/process/task_queues:103:5)
    at async bootstrap (C:\Users\tai\Desktop\BT1\backend\src\main.ts:26:3) {
  code: 'EADDRINUSE',
  errno: -4091,
  syscall: 'listen',
  address: '::',
  port: 3001
}

Node.js v24.11.1
[31m[Nest] 12092  - [39m05/19/2026, 4:32:59 PM [31m  ERROR[39m [38;5;3m[NestApplication] [39m[31mError: listen EADDRINUSE: address already in use :::3001[39m[38;5;3m +2ms[39m
node:net:1940
    const ex = new UVExceptionWithHostPort(err, 'listen', address, port);
               ^

Error: listen EADDRINUSE: address already in use :::3001
    at Server.setupListenHandle [as _listen2] (node:net:1940:16)
    at listenInCluster (node:net:1997:12)
    at Server.listen (node:net:2102:7)
    at ExpressAdapter.listen (C:\Users\tai\Desktop\BT1\node_modules\@nestjs\platform-express\adapters\express-adapter.js:95:32)
    at C:\Users\tai\Desktop\BT1\node_modules\@nestjs\core\nest-application.js:183:30
    at new Promise (<anonymous>)
    at NestApplication.listen (C:\Users\tai\Desktop\BT1\node_modules\@nestjs\core\nest-application.js:173:16)
    at process.processTicksAndRejections (node:internal/process/task_queues:103:5)
    at async bootstrap (C:\Users\tai\Desktop\BT1\backend\src\main.ts:26:3) {
  code: 'EADDRINUSE',
  errno: -4091,
  syscall: 'listen',
  address: '::',
  port: 3001
}

Node.js v24.11.1
[31m[Nest] 21528  - [39m05/19/2026, 4:35:18 PM [31m  ERROR[39m [38;5;3m[NestApplication] [39m[31mError: listen EADDRINUSE: address already in use :::3001[39m[38;5;3m +6ms[39m
node:net:1940
    const ex = new UVExceptionWithHostPort(err, 'listen', address, port);
               ^

Error: listen EADDRINUSE: address already in use :::3001
    at Server.setupListenHandle [as _listen2] (node:net:1940:16)
    at listenInCluster (node:net:1997:12)
    at Server.listen (node:net:2102:7)
    at ExpressAdapter.listen (C:\Users\tai\Desktop\BT1\node_modules\@nestjs\platform-express\adapters\express-adapter.js:95:32)
    at C:\Users\tai\Desktop\BT1\node_modules\@nestjs\core\nest-application.js:183:30
    at new Promise (<anonymous>)
    at NestApplication.listen (C:\Users\tai\Desktop\BT1\node_modules\@nestjs\core\nest-application.js:173:16)
    at process.processTicksAndRejections (node:internal/process/task_queues:103:5)
    at async bootstrap (C:\Users\tai\Desktop\BT1\backend\src\main.ts:26:3) {
  code: 'EADDRINUSE',
  errno: -4091,
  syscall: 'listen',
  address: '::',
  port: 3001
}

Node.js v24.11.1
[31m[Nest] 13460  - [39m05/19/2026, 4:38:25 PM [31m  ERROR[39m [38;5;3m[NestApplication] [39m[31mError: listen EADDRINUSE: address already in use :::3001[39m[38;5;3m +3ms[39m
node:net:1940
    const ex = new UVExceptionWithHostPort(err, 'listen', address, port);
               ^

Error: listen EADDRINUSE: address already in use :::3001
    at Server.setupListenHandle [as _listen2] (node:net:1940:16)
    at listenInCluster (node:net:1997:12)
    at Server.listen (node:net:2102:7)
    at ExpressAdapter.listen (C:\Users\tai\Desktop\BT1\node_modules\@nestjs\platform-express\adapters\express-adapter.js:95:32)
    at C:\Users\tai\Desktop\BT1\node_modules\@nestjs\core\nest-application.js:183:30
    at new Promise (<anonymous>)
    at NestApplication.listen (C:\Users\tai\Desktop\BT1\node_modules\@nestjs\core\nest-application.js:173:16)
    at process.processTicksAndRejections (node:internal/process/task_queues:103:5)
    at async bootstrap (C:\Users\tai\Desktop\BT1\backend\src\main.ts:35:3) {
  code: 'EADDRINUSE',
  errno: -4091,
  syscall: 'listen',
  address: '::',
  port: 3001
}

Node.js v24.11.1
[31m[Nest] 12848  - [39m05/19/2026, 4:48:52 PM [31m  ERROR[39m [38;5;3m[NestApplication] [39m[31mError: listen EADDRINUSE: address already in use :::3001[39m[38;5;3m +8ms[39m
node:net:1940
    const ex = new UVExceptionWithHostPort(err, 'listen', address, port);
               ^

Error: listen EADDRINUSE: address already in use :::3001
    at Server.setupListenHandle [as _listen2] (node:net:1940:16)
    at listenInCluster (node:net:1997:12)
    at Server.listen (node:net:2102:7)
    at ExpressAdapter.listen (C:\Users\tai\Desktop\BT1\node_modules\@nestjs\platform-express\adapters\express-adapter.js:95:32)
    at C:\Users\tai\Desktop\BT1\node_modules\@nestjs\core\nest-application.js:183:30
    at new Promise (<anonymous>)
    at NestApplication.listen (C:\Users\tai\Desktop\BT1\node_modules\@nestjs\core\nest-application.js:173:16)
    at process.processTicksAndRejections (node:internal/process/task_queues:103:5)
    at async bootstrap (C:\Users\tai\Desktop\BT1\backend\src\main.ts:35:3) {
  code: 'EADDRINUSE',
  errno: -4091,
  syscall: 'listen',
  address: '::',
  port: 3001
}

Node.js v24.11.1
[31m[Nest] 23836  - [39m05/19/2026, 4:49:04 PM [31m  ERROR[39m [38;5;3m[NestApplication] [39m[31mError: listen EADDRINUSE: address already in use :::3001[39m[38;5;3m +4ms[39m
node:net:1940
    const ex = new UVExceptionWithHostPort(err, 'listen', address, port);
               ^

Error: listen EADDRINUSE: address already in use :::3001
    at Server.setupListenHandle [as _listen2] (node:net:1940:16)
    at listenInCluster (node:net:1997:12)
    at Server.listen (node:net:2102:7)
    at ExpressAdapter.listen (C:\Users\tai\Desktop\BT1\node_modules\@nestjs\platform-express\adapters\express-adapter.js:95:32)
    at C:\Users\tai\Desktop\BT1\node_modules\@nestjs\core\nest-application.js:183:30
    at new Promise (<anonymous>)
    at NestApplication.listen (C:\Users\tai\Desktop\BT1\node_modules\@nestjs\core\nest-application.js:173:16)
    at process.processTicksAndRejections (node:internal/process/task_queues:103:5)
    at async bootstrap (C:\Users\tai\Desktop\BT1\backend\src\main.ts:35:3) {
  code: 'EADDRINUSE',
  errno: -4091,
  syscall: 'listen',
  address: '::',
  port: 3001
}

Node.js v24.11.1
[31m[Nest] 8396  - [39m05/19/2026, 4:49:18 PM [31m  ERROR[39m [38;5;3m[NestApplication] [39m[31mError: listen EADDRINUSE: address already in use :::3001[39m[38;5;3m +4ms[39m
node:net:1940
    const ex = new UVExceptionWithHostPort(err, 'listen', address, port);
               ^

Error: listen EADDRINUSE: address already in use :::3001
    at Server.setupListenHandle [as _listen2] (node:net:1940:16)
    at listenInCluster (node:net:1997:12)
    at Server.listen (node:net:2102:7)
    at ExpressAdapter.listen (C:\Users\tai\Desktop\BT1\node_modules\@nestjs\platform-express\adapters\express-adapter.js:95:32)
    at C:\Users\tai\Desktop\BT1\node_modules\@nestjs\core\nest-application.js:183:30
    at new Promise (<anonymous>)
    at NestApplication.listen (C:\Users\tai\Desktop\BT1\node_modules\@nestjs\core\nest-application.js:173:16)
    at process.processTicksAndRejections (node:internal/process/task_queues:103:5)
    at async bootstrap (C:\Users\tai\Desktop\BT1\backend\src\main.ts:35:3) {
  code: 'EADDRINUSE',
  errno: -4091,
  syscall: 'listen',
  address: '::',
  port: 3001
}

Node.js v24.11.1
[31m[Nest] 29632  - [39m05/19/2026, 4:51:27 PM [31m  ERROR[39m [38;5;3m[NestApplication] [39m[31mError: listen EADDRINUSE: address already in use :::3001[39m[38;5;3m +4ms[39m
node:net:1940
    const ex = new UVExceptionWithHostPort(err, 'listen', address, port);
               ^

Error: listen EADDRINUSE: address already in use :::3001
    at Server.setupListenHandle [as _listen2] (node:net:1940:16)
    at listenInCluster (node:net:1997:12)
    at Server.listen (node:net:2102:7)
    at ExpressAdapter.listen (C:\Users\tai\Desktop\BT1\node_modules\@nestjs\platform-express\adapters\express-adapter.js:95:32)
    at C:\Users\tai\Desktop\BT1\node_modules\@nestjs\core\nest-application.js:183:30
    at new Promise (<anonymous>)
    at NestApplication.listen (C:\Users\tai\Desktop\BT1\node_modules\@nestjs\core\nest-application.js:173:16)
    at process.processTicksAndRejections (node:internal/process/task_queues:103:5)
    at async bootstrap (C:\Users\tai\Desktop\BT1\backend\src\main.ts:35:3) {
  code: 'EADDRINUSE',
  errno: -4091,
  syscall: 'listen',
  address: '::',
  port: 3001
}

Node.js v24.11.1
[31m[Nest] 24416  - [39m05/19/2026, 4:51:46 PM [31m  ERROR[39m [38;5;3m[NestApplication] [39m[31mError: listen EADDRINUSE: address already in use :::3001[39m[38;5;3m +4ms[39m
node:net:1940
    const ex = new UVExceptionWithHostPort(err, 'listen', address, port);
               ^

Error: listen EADDRINUSE: address already in use :::3001
    at Server.setupListenHandle [as _listen2] (node:net:1940:16)
    at listenInCluster (node:net:1997:12)
    at Server.listen (node:net:2102:7)
    at ExpressAdapter.listen (C:\Users\tai\Desktop\BT1\node_modules\@nestjs\platform-express\adapters\express-adapter.js:95:32)
    at C:\Users\tai\Desktop\BT1\node_modules\@nestjs\core\nest-application.js:183:30
    at new Promise (<anonymous>)
    at NestApplication.listen (C:\Users\tai\Desktop\BT1\node_modules\@nestjs\core\nest-application.js:173:16)
    at process.processTicksAndRejections (node:internal/process/task_queues:103:5)
    at async bootstrap (C:\Users\tai\Desktop\BT1\backend\src\main.ts:35:3) {
  code: 'EADDRINUSE',
  errno: -4091,
  syscall: 'listen',
  address: '::',
  port: 3001
}

Node.js v24.11.1
[31m[Nest] 27500  - [39m05/19/2026, 5:07:12 PM [31m  ERROR[39m [38;5;3m[NestApplication] [39m[31mError: listen EADDRINUSE: address already in use :::3001[39m[38;5;3m +4ms[39m
node:net:1940
    const ex = new UVExceptionWithHostPort(err, 'listen', address, port);
               ^

Error: listen EADDRINUSE: address already in use :::3001
    at Server.setupListenHandle [as _listen2] (node:net:1940:16)
    at listenInCluster (node:net:1997:12)
    at Server.listen (node:net:2102:7)
    at ExpressAdapter.listen (C:\Users\tai\Desktop\BT1\node_modules\@nestjs\platform-express\adapters\express-adapter.js:95:32)
    at C:\Users\tai\Desktop\BT1\node_modules\@nestjs\core\nest-application.js:183:30
    at new Promise (<anonymous>)
    at NestApplication.listen (C:\Users\tai\Desktop\BT1\node_modules\@nestjs\core\nest-application.js:173:16)
    at process.processTicksAndRejections (node:internal/process/task_queues:103:5)
    at async bootstrap (C:\Users\tai\Desktop\BT1\backend\src\main.ts:35:3) {
  code: 'EADDRINUSE',
  errno: -4091,
  syscall: 'listen',
  address: '::',
  port: 3001
}

Node.js v24.11.1
[31m[Nest] 24192  - [39m05/19/2026, 5:07:35 PM [31m  ERROR[39m [38;5;3m[NestApplication] [39m[31mError: listen EADDRINUSE: address already in use :::3001[39m[38;5;3m +3ms[39m
node:net:1940
    const ex = new UVExceptionWithHostPort(err, 'listen', address, port);
               ^

Error: listen EADDRINUSE: address already in use :::3001
    at Server.setupListenHandle [as _listen2] (node:net:1940:16)
    at listenInCluster (node:net:1997:12)
    at Server.listen (node:net:2102:7)
    at ExpressAdapter.listen (C:\Users\tai\Desktop\BT1\node_modules\@nestjs\platform-express\adapters\express-adapter.js:95:32)
    at C:\Users\tai\Desktop\BT1\node_modules\@nestjs\core\nest-application.js:183:30
    at new Promise (<anonymous>)
    at NestApplication.listen (C:\Users\tai\Desktop\BT1\node_modules\@nestjs\core\nest-application.js:173:16)
    at process.processTicksAndRejections (node:internal/process/task_queues:103:5)
    at async bootstrap (C:\Users\tai\Desktop\BT1\backend\src\main.ts:35:3) {
  code: 'EADDRINUSE',
  errno: -4091,
  syscall: 'listen',
  address: '::',
  port: 3001
}

Node.js v24.11.1
[31m[Nest] 23728  - [39m05/19/2026, 5:08:54 PM [31m  ERROR[39m [38;5;3m[NestApplication] [39m[31mError: listen EADDRINUSE: address already in use :::3001[39m[38;5;3m +2ms[39m
node:net:1940
    const ex = new UVExceptionWithHostPort(err, 'listen', address, port);
               ^

Error: listen EADDRINUSE: address already in use :::3001
    at Server.setupListenHandle [as _listen2] (node:net:1940:16)
    at listenInCluster (node:net:1997:12)
    at Server.listen (node:net:2102:7)
    at ExpressAdapter.listen (C:\Users\tai\Desktop\BT1\node_modules\@nestjs\platform-express\adapters\express-adapter.js:95:32)
    at C:\Users\tai\Desktop\BT1\node_modules\@nestjs\core\nest-application.js:183:30
    at new Promise (<anonymous>)
    at NestApplication.listen (C:\Users\tai\Desktop\BT1\node_modules\@nestjs\core\nest-application.js:173:16)
    at process.processTicksAndRejections (node:internal/process/task_queues:103:5)
    at async bootstrap (C:\Users\tai\Desktop\BT1\backend\src\main.ts:35:3) {
  code: 'EADDRINUSE',
  errno: -4091,
  syscall: 'listen',
  address: '::',
  port: 3001
}

Node.js v24.11.1
[31m[Nest] 28336  - [39m05/19/2026, 5:09:16 PM [31m  ERROR[39m [38;5;3m[NestApplication] [39m[31mError: listen EADDRINUSE: address already in use :::3001[39m[38;5;3m +3ms[39m
node:net:1940
    const ex = new UVExceptionWithHostPort(err, 'listen', address, port);
               ^

Error: listen EADDRINUSE: address already in use :::3001
    at Server.setupListenHandle [as _listen2] (node:net:1940:16)
    at listenInCluster (node:net:1997:12)
    at Server.listen (node:net:2102:7)
    at ExpressAdapter.listen (C:\Users\tai\Desktop\BT1\node_modules\@nestjs\platform-express\adapters\express-adapter.js:95:32)
    at C:\Users\tai\Desktop\BT1\node_modules\@nestjs\core\nest-application.js:183:30
    at new Promise (<anonymous>)
    at NestApplication.listen (C:\Users\tai\Desktop\BT1\node_modules\@nestjs\core\nest-application.js:173:16)
    at process.processTicksAndRejections (node:internal/process/task_queues:103:5)
    at async bootstrap (C:\Users\tai\Desktop\BT1\backend\src\main.ts:35:3) {
  code: 'EADDRINUSE',
  errno: -4091,
  syscall: 'listen',
  address: '::',
  port: 3001
}

Node.js v24.11.1
[31m[Nest] 27280  - [39m05/19/2026, 5:09:24 PM [31m  ERROR[39m [38;5;3m[NestApplication] [39m[31mError: listen EADDRINUSE: address already in use :::3001[39m[38;5;3m +6ms[39m
node:net:1940
    const ex = new UVExceptionWithHostPort(err, 'listen', address, port);
               ^

Error: listen EADDRINUSE: address already in use :::3001
    at Server.setupListenHandle [as _listen2] (node:net:1940:16)
    at listenInCluster (node:net:1997:12)
    at Server.listen (node:net:2102:7)
    at ExpressAdapter.listen (C:\Users\tai\Desktop\BT1\node_modules\@nestjs\platform-express\adapters\express-adapter.js:95:32)
    at C:\Users\tai\Desktop\BT1\node_modules\@nestjs\core\nest-application.js:183:30
    at new Promise (<anonymous>)
    at NestApplication.listen (C:\Users\tai\Desktop\BT1\node_modules\@nestjs\core\nest-application.js:173:16)
    at process.processTicksAndRejections (node:internal/process/task_queues:103:5)
    at async bootstrap (C:\Users\tai\Desktop\BT1\backend\src\main.ts:35:3) {
  code: 'EADDRINUSE',
  errno: -4091,
  syscall: 'listen',
  address: '::',
  port: 3001
}

Node.js v24.11.1
